/*C3*/SET SCHEMA PUBLIC
INSERT INTO FOODITEM VALUES(1,'Cookie',100)
COMMIT
DISCONNECT
/*C4*/SET SCHEMA PUBLIC
INSERT INTO FOODITEM VALUES(2,'Soup',150)
COMMIT
DISCONNECT
/*C5*/SET SCHEMA PUBLIC
INSERT INTO FOODITEM VALUES(3,'Crackers',120)
COMMIT
DISCONNECT
/*C6*/SET SCHEMA PUBLIC
INSERT INTO FOODITEM VALUES(4,'Candy Bar',250)
COMMIT
DISCONNECT
/*C7*/SET SCHEMA PUBLIC
INSERT INTO FOODITEM VALUES(5,'Apple',30)
COMMIT
DISCONNECT
/*C8*/SET SCHEMA PUBLIC
INSERT INTO FOODITEM VALUES(6,'Banana',105)
COMMIT
DISCONNECT
/*C9*/SET SCHEMA PUBLIC
DISCONNECT
